Using pre-set license
Built from '2020.3/staging' branch; Version is '2020.3.3f1 (76626098c1c4) revision 7758432'; Using compiler version '192528614'; Build Type 'Release'
OS: 'Windows 10 Home; OS build 19043.1110; Version 2009; 64bit' Language: 'en' Physical Memory: 16240 MB
BatchMode: 1, IsHumanControllingUs: 0, StartBugReporterOnCrash: 0, Is64bit: 1, IsPro: 0

 COMMAND LINE ARGUMENTS:
C:\Program Files\Unity\Hub\Editor\2020.3.3f1\Editor\Unity.exe
-adb2
-batchMode
-noUpm
-name
AssetImportWorker0
-projectPath
C:/Users/Yosef Davidovich/Documents/GitHub/CooldownAPI/src/CooldownAPI
-logFile
Logs/AssetImportWorker0.log
-srvPort
54714
Successfully changed project path to: C:/Users/Yosef Davidovich/Documents/GitHub/CooldownAPI/src/CooldownAPI
C:/Users/Yosef Davidovich/Documents/GitHub/CooldownAPI/src/CooldownAPI
Using Asset Import Pipeline V2.
Refreshing native plugins compatible for Editor in 27.90 ms, found 0 plugins.
Preloading 0 native plugins for Editor in 0.00 ms.
Initialize engine version: 2020.3.3f1 (76626098c1c4)
[Subsystems] Discovering subsystems at path C:/Program Files/Unity/Hub/Editor/2020.3.3f1/Editor/Data/Resources/UnitySubsystems
[Subsystems] Discovering subsystems at path C:/Users/Yosef Davidovich/Documents/GitHub/CooldownAPI/src/CooldownAPI/Assets
GfxDevice: creating device client; threaded=0
Direct3D:
    Version:  Direct3D 11.0 [level 11.1]
    Renderer: NVIDIA GeForce GTX 1060 with Max-Q Design (ID=0x1c20)
    Vendor:   
    VRAM:     6052 MB
    Driver:   27.21.14.6109
Initialize mono
Mono path[0] = 'C:/Program Files/Unity/Hub/Editor/2020.3.3f1/Editor/Data/Managed'
Mono path[1] = 'C:/Program Files/Unity/Hub/Editor/2020.3.3f1/Editor/Data/MonoBleedingEdge/lib/mono/unityjit'
Mono config path = 'C:/Program Files/Unity/Hub/Editor/2020.3.3f1/Editor/Data/MonoBleedingEdge/etc'
Using monoOptions --debugger-agent=transport=dt_socket,embedding=1,server=y,suspend=n,address=127.0.0.1:56940
Begin MonoManager ReloadAssembly
Registering precompiled unity dll's ...
Register platform support module: C:/Program Files/Unity/Hub/Editor/2020.3.3f1/Editor/Data/PlaybackEngines/WebGLSupport/UnityEditor.WebGL.Extensions.dll
Register platform support module: C:/Program Files/Unity/Hub/Editor/2020.3.3f1/Editor/Data/PlaybackEngines/MacStandaloneSupport/UnityEditor.OSXStandalone.Extensions.dll
Register platform support module: C:/Program Files/Unity/Hub/Editor/2020.3.3f1/Editor/Data/PlaybackEngines/WindowsStandaloneSupport/UnityEditor.WindowsStandalone.Extensions.dll
Register platform support module: C:/Program Files/Unity/Hub/Editor/2020.3.3f1/Editor/Data/PlaybackEngines/LinuxStandaloneSupport/UnityEditor.LinuxStandalone.Extensions.dll
Registered in 0.005162 seconds.
Native extension for LinuxStandalone target not found
Native extension for WindowsStandalone target not found
Native extension for OSXStandalone target not found
Native extension for WebGL target not found
Refreshing native plugins compatible for Editor in 28.27 ms, found 0 plugins.
Preloading 0 native plugins for Editor in 0.00 ms.
Invoked RoslynAnalysisRunner static constructor.
RoslynAnalysisRunner will not be running.
RoslynAnalysisRunner has terminated.
Mono: successfully reloaded assembly
- Completed reload, in  2.656 seconds
Platform modules already initialized, skipping
Registering precompiled user dll's ...
Registered in 0.001036 seconds.
Begin MonoManager ReloadAssembly
Native extension for LinuxStandalone target not found
Native extension for WindowsStandalone target not found
Native extension for OSXStandalone target not found
Native extension for WebGL target not found
Refreshing native plugins compatible for Editor in 0.20 ms, found 0 plugins.
Preloading 0 native plugins for Editor in 0.00 ms.
Invoked RoslynAnalysisRunner static constructor.
RoslynAnalysisRunner will not be running.
RoslynAnalysisRunner has terminated.
Mono: successfully reloaded assembly
- Completed reload, in  1.033 seconds
Platform modules already initialized, skipping
========================================================================
Worker process is ready to serve import requests
Launched and connected shader compiler UnityShaderCompiler.exe after 0.14 seconds
Refreshing native plugins compatible for Editor in 0.20 ms, found 0 plugins.
Preloading 0 native plugins for Editor in 0.00 ms.
Unloading 1117 Unused Serialized files (Serialized files now loaded: 0)
System memory in use before: 57.1 MB.
System memory in use after: 57.2 MB.

Unloading 10 unused Assets to reduce memory usage. Loaded Objects now: 1559.
Total: 2.391400 ms (FindLiveObjects: 0.145400 ms CreateObjectMapping: 0.045700 ms MarkObjects: 2.106200 ms  DeleteObjects: 0.092600 ms)

========================================================================
Received Import Request.
  path: Assets/Scripts/CooldownsManager.cs
  artifactKey: Guid(41c3550182da97645a724658142e0310) Importer(815301076,1909f56bfc062723c751e8b465ee728b)
Start importing Assets/Scripts/CooldownsManager.cs using Guid(41c3550182da97645a724658142e0310) Importer(815301076,1909f56bfc062723c751e8b465ee728b)  -> (artifact id: '8db13ffcc02df0bdb3f6f4c990912064') in 0.041233 seconds
  Import took 0.043304 seconds .

========================================================================
Received Import Request.
  Time since last request: 70.876610 seconds.
  path: Assets/Scripts/Cooldown.cs
  artifactKey: Guid(732184cf0f486894a85d72cb089b33e0) Importer(815301076,1909f56bfc062723c751e8b465ee728b)
Start importing Assets/Scripts/Cooldown.cs using Guid(732184cf0f486894a85d72cb089b33e0) Importer(815301076,1909f56bfc062723c751e8b465ee728b)  -> (artifact id: 'bc328df201d2e4560d112e31829baaca') in 0.002590 seconds
  Import took 0.006386 seconds .

========================================================================
Received Import Request.
  Time since last request: 0.032969 seconds.
  path: Assets/Scripts/Cooldown.cs
  artifactKey: Guid(732184cf0f486894a85d72cb089b33e0) Importer(815301076,1909f56bfc062723c751e8b465ee728b)
Start importing Assets/Scripts/Cooldown.cs using Guid(732184cf0f486894a85d72cb089b33e0) Importer(815301076,1909f56bfc062723c751e8b465ee728b)  -> (artifact id: 'bc328df201d2e4560d112e31829baaca') in 0.002542 seconds
  Import took 0.004759 seconds .

========================================================================
Received Import Request.
  Time since last request: 208.419197 seconds.
  path: Assets/Examples/Example.unity
  artifactKey: Guid(9fc0d4010bbf28b4594072e72b8655ab) Importer(815301076,1909f56bfc062723c751e8b465ee728b)
Start importing Assets/Examples/Example.unity using Guid(9fc0d4010bbf28b4594072e72b8655ab) Importer(815301076,1909f56bfc062723c751e8b465ee728b)  -> (artifact id: '558675b34adabdb5361ce036a01284a7') in 0.017427 seconds
  Import took 0.019828 seconds .

========================================================================
Received Import Request.
  Time since last request: 12.226207 seconds.
  path: Assets/Examples/Example01.unity
  artifactKey: Guid(9fc0d4010bbf28b4594072e72b8655ab) Importer(815301076,1909f56bfc062723c751e8b465ee728b)
Start importing Assets/Examples/Example01.unity using Guid(9fc0d4010bbf28b4594072e72b8655ab) Importer(815301076,1909f56bfc062723c751e8b465ee728b)  -> (artifact id: 'e33c31d8d6739ee41fdf7888f1137516') in 0.003321 seconds
  Import took 0.005346 seconds .

========================================================================
Received Import Request.
  Time since last request: 16.105641 seconds.
  path: Assets/Examples/01
  artifactKey: Guid(219e8fb4bb909e74ba5efd1c0a8f7c67) Importer(815301076,1909f56bfc062723c751e8b465ee728b)
Start importing Assets/Examples/01 using Guid(219e8fb4bb909e74ba5efd1c0a8f7c67) Importer(815301076,1909f56bfc062723c751e8b465ee728b)  -> (artifact id: '4f25ddae8b7a3e01d67a7b8ae321d907') in 0.003537 seconds
  Import took 0.005556 seconds .

========================================================================
Received Import Request.
  Time since last request: 9.689047 seconds.
  path: Assets/Examples/Scene01.unity
  artifactKey: Guid(9fc0d4010bbf28b4594072e72b8655ab) Importer(815301076,1909f56bfc062723c751e8b465ee728b)
Start importing Assets/Examples/Scene01.unity using Guid(9fc0d4010bbf28b4594072e72b8655ab) Importer(815301076,1909f56bfc062723c751e8b465ee728b)  -> (artifact id: 'ff9bd18fdc2cb8bf28ce7a70e7a5fe89') in 0.003818 seconds
  Import took 0.005968 seconds .

