Using pre-set license
Built from '2020.3/staging' branch; Version is '2020.3.3f1 (76626098c1c4) revision 7758432'; Using compiler version '192528614'; Build Type 'Release'
OS: 'Windows 10 Home; OS build 19043.1110; Version 2009; 64bit' Language: 'en' Physical Memory: 16240 MB
BatchMode: 1, IsHumanControllingUs: 0, StartBugReporterOnCrash: 0, Is64bit: 1, IsPro: 0

 COMMAND LINE ARGUMENTS:
C:\Program Files\Unity\Hub\Editor\2020.3.3f1\Editor\Unity.exe
-adb2
-batchMode
-noUpm
-name
AssetImportWorker0
-projectPath
C:/Users/Yosef Davidovich/Documents/GitHub/CooldownAPI/src/CooldownAPI
-logFile
Logs/AssetImportWorker0.log
-srvPort
56974
Successfully changed project path to: C:/Users/Yosef Davidovich/Documents/GitHub/CooldownAPI/src/CooldownAPI
C:/Users/Yosef Davidovich/Documents/GitHub/CooldownAPI/src/CooldownAPI
Using Asset Import Pipeline V2.
Refreshing native plugins compatible for Editor in 38.62 ms, found 0 plugins.
Preloading 0 native plugins for Editor in 0.00 ms.
Initialize engine version: 2020.3.3f1 (76626098c1c4)
[Subsystems] Discovering subsystems at path C:/Program Files/Unity/Hub/Editor/2020.3.3f1/Editor/Data/Resources/UnitySubsystems
[Subsystems] Discovering subsystems at path C:/Users/Yosef Davidovich/Documents/GitHub/CooldownAPI/src/CooldownAPI/Assets
GfxDevice: creating device client; threaded=0
Direct3D:
    Version:  Direct3D 11.0 [level 11.1]
    Renderer: NVIDIA GeForce GTX 1060 with Max-Q Design (ID=0x1c20)
    Vendor:   
    VRAM:     6052 MB
    Driver:   27.21.14.6109
Initialize mono
Mono path[0] = 'C:/Program Files/Unity/Hub/Editor/2020.3.3f1/Editor/Data/Managed'
Mono path[1] = 'C:/Program Files/Unity/Hub/Editor/2020.3.3f1/Editor/Data/MonoBleedingEdge/lib/mono/unityjit'
Mono config path = 'C:/Program Files/Unity/Hub/Editor/2020.3.3f1/Editor/Data/MonoBleedingEdge/etc'
Using monoOptions --debugger-agent=transport=dt_socket,embedding=1,server=y,suspend=n,address=127.0.0.1:56304
Begin MonoManager ReloadAssembly
Registering precompiled unity dll's ...
Register platform support module: C:/Program Files/Unity/Hub/Editor/2020.3.3f1/Editor/Data/PlaybackEngines/WebGLSupport/UnityEditor.WebGL.Extensions.dll
Register platform support module: C:/Program Files/Unity/Hub/Editor/2020.3.3f1/Editor/Data/PlaybackEngines/MacStandaloneSupport/UnityEditor.OSXStandalone.Extensions.dll
Register platform support module: C:/Program Files/Unity/Hub/Editor/2020.3.3f1/Editor/Data/PlaybackEngines/WindowsStandaloneSupport/UnityEditor.WindowsStandalone.Extensions.dll
Register platform support module: C:/Program Files/Unity/Hub/Editor/2020.3.3f1/Editor/Data/PlaybackEngines/LinuxStandaloneSupport/UnityEditor.LinuxStandalone.Extensions.dll
Registered in 0.005560 seconds.
Native extension for LinuxStandalone target not found
Native extension for WindowsStandalone target not found
Native extension for OSXStandalone target not found
Native extension for WebGL target not found
Refreshing native plugins compatible for Editor in 28.37 ms, found 0 plugins.
Preloading 0 native plugins for Editor in 0.00 ms.
Invoked RoslynAnalysisRunner static constructor.
RoslynAnalysisRunner will not be running.
RoslynAnalysisRunner has terminated.
Mono: successfully reloaded assembly
- Completed reload, in  2.764 seconds
Platform modules already initialized, skipping
Registering precompiled user dll's ...
Registered in 0.001062 seconds.
Begin MonoManager ReloadAssembly
Native extension for LinuxStandalone target not found
Native extension for WindowsStandalone target not found
Native extension for OSXStandalone target not found
Native extension for WebGL target not found
Refreshing native plugins compatible for Editor in 0.21 ms, found 0 plugins.
Preloading 0 native plugins for Editor in 0.00 ms.
Invoked RoslynAnalysisRunner static constructor.
RoslynAnalysisRunner will not be running.
RoslynAnalysisRunner has terminated.
Mono: successfully reloaded assembly
- Completed reload, in  1.060 seconds
Platform modules already initialized, skipping
========================================================================
Worker process is ready to serve import requests
Launched and connected shader compiler UnityShaderCompiler.exe after 0.15 seconds
Refreshing native plugins compatible for Editor in 0.21 ms, found 0 plugins.
Preloading 0 native plugins for Editor in 0.00 ms.
Unloading 1115 Unused Serialized files (Serialized files now loaded: 0)
System memory in use before: 57.1 MB.
System memory in use after: 57.1 MB.

Unloading 10 unused Assets to reduce memory usage. Loaded Objects now: 1557.
Total: 2.676200 ms (FindLiveObjects: 0.150900 ms CreateObjectMapping: 0.042900 ms MarkObjects: 2.363500 ms  DeleteObjects: 0.116900 ms)

========================================================================
Received Import Request.
  path: Assets/Scenes
  artifactKey: Guid(5038dcaa16bc2af41994842437aa3d00) Importer(815301076,1909f56bfc062723c751e8b465ee728b)
Start importing Assets/Scenes using Guid(5038dcaa16bc2af41994842437aa3d00) Importer(815301076,1909f56bfc062723c751e8b465ee728b)  -> (artifact id: '2e0a74e3e9e674a94c84031fb381d699') in 0.005428 seconds
  Import took 0.008358 seconds .

========================================================================
Received Import Request.
  Time since last request: 3.651039 seconds.
  path: Assets/Examples
  artifactKey: Guid(5038dcaa16bc2af41994842437aa3d00) Importer(815301076,1909f56bfc062723c751e8b465ee728b)
Start importing Assets/Examples using Guid(5038dcaa16bc2af41994842437aa3d00) Importer(815301076,1909f56bfc062723c751e8b465ee728b)  -> (artifact id: '1e1d2e5b56ca07ba726a9b5ae9fee8d4') in 0.004024 seconds
  Import took 0.006933 seconds .

========================================================================
Received Import Request.
  Time since last request: 0.702996 seconds.
  path: Assets
  artifactKey: Guid(00000000000000001000000000000000) Importer(815301076,1909f56bfc062723c751e8b465ee728b)
Start importing Assets using Guid(00000000000000001000000000000000) Importer(815301076,1909f56bfc062723c751e8b465ee728b)  -> (artifact id: 'b2e0e235c0f4af3754229b664788db90') in 0.004026 seconds
  Import took 0.006839 seconds .

========================================================================
Received Import Request.
  Time since last request: 5.734569 seconds.
  path: Assets/Scripts
  artifactKey: Guid(bfc92cf16917360409d46e25aa5350d9) Importer(815301076,1909f56bfc062723c751e8b465ee728b)
Start importing Assets/Scripts using Guid(bfc92cf16917360409d46e25aa5350d9) Importer(815301076,1909f56bfc062723c751e8b465ee728b)  -> (artifact id: 'e97b03b0db09f3b097ccd544d9f28770') in 0.003679 seconds
  Import took 0.005588 seconds .

========================================================================
Received Prepare
Registering precompiled user dll's ...
Registered in 0.000972 seconds.
Begin MonoManager ReloadAssembly
Native extension for LinuxStandalone target not found
Native extension for WindowsStandalone target not found
Native extension for OSXStandalone target not found
Native extension for WebGL target not found
Refreshing native plugins compatible for Editor in 0.21 ms, found 0 plugins.
Preloading 0 native plugins for Editor in 0.00 ms.
Invoked RoslynAnalysisRunner static constructor.
RoslynAnalysisRunner will not be running.
RoslynAnalysisRunner has terminated.
Mono: successfully reloaded assembly
- Completed reload, in  0.993 seconds
Platform modules already initialized, skipping
Refreshing native plugins compatible for Editor in 0.21 ms, found 0 plugins.
Preloading 0 native plugins for Editor in 0.00 ms.
Unloading 1112 Unused Serialized files (Serialized files now loaded: 0)
System memory in use before: 57.1 MB.
System memory in use after: 57.1 MB.

Unloading 5 unused Assets to reduce memory usage. Loaded Objects now: 1562.
Total: 2.026100 ms (FindLiveObjects: 0.151500 ms CreateObjectMapping: 0.040900 ms MarkObjects: 1.775800 ms  DeleteObjects: 0.056900 ms)

========================================================================
Received Import Request.
  Time since last request: 20.614854 seconds.
  path: Assets/Examples/SampleScene.unity
  artifactKey: Guid(9fc0d4010bbf28b4594072e72b8655ab) Importer(815301076,1909f56bfc062723c751e8b465ee728b)
Start importing Assets/Examples/SampleScene.unity using Guid(9fc0d4010bbf28b4594072e72b8655ab) Importer(815301076,1909f56bfc062723c751e8b465ee728b)  -> (artifact id: 'f5c2f2c2a1bc51d97acb4e2643276eeb') in 0.013557 seconds
  Import took 0.017250 seconds .

========================================================================
Received Import Request.
  Time since last request: 0.024407 seconds.
  path: Assets/Examples/SampleScene.unity
  artifactKey: Guid(9fc0d4010bbf28b4594072e72b8655ab) Importer(815301076,1909f56bfc062723c751e8b465ee728b)
Start importing Assets/Examples/SampleScene.unity using Guid(9fc0d4010bbf28b4594072e72b8655ab) Importer(815301076,1909f56bfc062723c751e8b465ee728b)  -> (artifact id: 'f5c2f2c2a1bc51d97acb4e2643276eeb') in 0.003611 seconds
  Import took 0.005846 seconds .

========================================================================
Received Import Request.
  Time since last request: 7.136137 seconds.
  path: Assets/Scripts/Cooldown.cs
  artifactKey: Guid(732184cf0f486894a85d72cb089b33e0) Importer(815301076,1909f56bfc062723c751e8b465ee728b)
Start importing Assets/Scripts/Cooldown.cs using Guid(732184cf0f486894a85d72cb089b33e0) Importer(815301076,1909f56bfc062723c751e8b465ee728b)  -> (artifact id: 'dec902603a2690f8cdcde28083fc65c0') in 0.032004 seconds
  Import took 0.034506 seconds .

========================================================================
Received Import Request.
  Time since last request: 0.009168 seconds.
  path: Assets/Scripts/Cooldown.cs
  artifactKey: Guid(732184cf0f486894a85d72cb089b33e0) Importer(815301076,1909f56bfc062723c751e8b465ee728b)
Start importing Assets/Scripts/Cooldown.cs using Guid(732184cf0f486894a85d72cb089b33e0) Importer(815301076,1909f56bfc062723c751e8b465ee728b)  -> (artifact id: 'dec902603a2690f8cdcde28083fc65c0') in 0.003228 seconds
  Import took 0.005255 seconds .

========================================================================
Received Prepare
Registering precompiled user dll's ...
Registered in 0.001058 seconds.
Begin MonoManager ReloadAssembly
Native extension for LinuxStandalone target not found
Native extension for WindowsStandalone target not found
Native extension for OSXStandalone target not found
Native extension for WebGL target not found
Refreshing native plugins compatible for Editor in 0.23 ms, found 0 plugins.
Preloading 0 native plugins for Editor in 0.00 ms.
Invoked RoslynAnalysisRunner static constructor.
RoslynAnalysisRunner will not be running.
RoslynAnalysisRunner has terminated.
Mono: successfully reloaded assembly
- Completed reload, in  1.082 seconds
Platform modules already initialized, skipping
Refreshing native plugins compatible for Editor in 0.20 ms, found 0 plugins.
Preloading 0 native plugins for Editor in 0.00 ms.
Unloading 1112 Unused Serialized files (Serialized files now loaded: 0)
System memory in use before: 57.1 MB.
System memory in use after: 57.2 MB.

Unloading 5 unused Assets to reduce memory usage. Loaded Objects now: 1565.
Total: 2.126200 ms (FindLiveObjects: 0.145000 ms CreateObjectMapping: 0.038600 ms MarkObjects: 1.880200 ms  DeleteObjects: 0.061100 ms)

========================================================================
Received Import Request.
  Time since last request: 1679.303528 seconds.
  path: Assets/Scripts/Cooldown.cs
  artifactKey: Guid(732184cf0f486894a85d72cb089b33e0) Importer(815301076,1909f56bfc062723c751e8b465ee728b)
Start importing Assets/Scripts/Cooldown.cs using Guid(732184cf0f486894a85d72cb089b33e0) Importer(815301076,1909f56bfc062723c751e8b465ee728b)  -> (artifact id: '7668bfa3f93b089e90c793955530d38b') in 0.005853 seconds
  Import took 0.010137 seconds .

========================================================================
Received Prepare
Registering precompiled user dll's ...
Registered in 0.001064 seconds.
Begin MonoManager ReloadAssembly
Native extension for LinuxStandalone target not found
Native extension for WindowsStandalone target not found
Native extension for OSXStandalone target not found
Native extension for WebGL target not found
Refreshing native plugins compatible for Editor in 0.21 ms, found 0 plugins.
Preloading 0 native plugins for Editor in 0.00 ms.
Invoked RoslynAnalysisRunner static constructor.
RoslynAnalysisRunner will not be running.
RoslynAnalysisRunner has terminated.
Mono: successfully reloaded assembly
- Completed reload, in  1.006 seconds
Platform modules already initialized, skipping
Refreshing native plugins compatible for Editor in 0.22 ms, found 0 plugins.
Preloading 0 native plugins for Editor in 0.00 ms.
Unloading 1112 Unused Serialized files (Serialized files now loaded: 0)
System memory in use before: 57.1 MB.
System memory in use after: 57.2 MB.

Unloading 5 unused Assets to reduce memory usage. Loaded Objects now: 1568.
Total: 1.900300 ms (FindLiveObjects: 0.145800 ms CreateObjectMapping: 0.043100 ms MarkObjects: 1.648500 ms  DeleteObjects: 0.061800 ms)

========================================================================
Received Import Request.
  Time since last request: 358.612285 seconds.
  path: Assets/Scripts/Cooldown.cs
  artifactKey: Guid(732184cf0f486894a85d72cb089b33e0) Importer(815301076,1909f56bfc062723c751e8b465ee728b)
Start importing Assets/Scripts/Cooldown.cs using Guid(732184cf0f486894a85d72cb089b33e0) Importer(815301076,1909f56bfc062723c751e8b465ee728b)  -> (artifact id: 'c6278d1412f82daf039a26c8006a945e') in 0.004778 seconds
  Import took 0.008799 seconds .

========================================================================
Received Prepare
Registering precompiled user dll's ...
Registered in 0.000931 seconds.
Begin MonoManager ReloadAssembly
Native extension for LinuxStandalone target not found
Native extension for WindowsStandalone target not found
Native extension for OSXStandalone target not found
Native extension for WebGL target not found
Refreshing native plugins compatible for Editor in 0.21 ms, found 0 plugins.
Preloading 0 native plugins for Editor in 0.00 ms.
Invoked RoslynAnalysisRunner static constructor.
RoslynAnalysisRunner will not be running.
RoslynAnalysisRunner has terminated.
Mono: successfully reloaded assembly
- Completed reload, in  0.968 seconds
Platform modules already initialized, skipping
Refreshing native plugins compatible for Editor in 0.28 ms, found 0 plugins.
Preloading 0 native plugins for Editor in 0.00 ms.
Unloading 1112 Unused Serialized files (Serialized files now loaded: 0)
System memory in use before: 57.1 MB.
System memory in use after: 57.2 MB.

Unloading 5 unused Assets to reduce memory usage. Loaded Objects now: 1571.
Total: 2.007000 ms (FindLiveObjects: 0.153400 ms CreateObjectMapping: 0.041600 ms MarkObjects: 1.747200 ms  DeleteObjects: 0.063600 ms)

========================================================================
Received Import Request.
  Time since last request: 62.726632 seconds.
  path: Assets/Scripts/Cooldown.cs
  artifactKey: Guid(732184cf0f486894a85d72cb089b33e0) Importer(815301076,1909f56bfc062723c751e8b465ee728b)
Start importing Assets/Scripts/Cooldown.cs using Guid(732184cf0f486894a85d72cb089b33e0) Importer(815301076,1909f56bfc062723c751e8b465ee728b)  -> (artifact id: '16d5f1c202f759113bf86fd53760ebe7') in 0.004857 seconds
  Import took 0.007878 seconds .

========================================================================
Received Prepare
Registering precompiled user dll's ...
Registered in 0.000983 seconds.
Begin MonoManager ReloadAssembly
Native extension for LinuxStandalone target not found
Native extension for WindowsStandalone target not found
Native extension for OSXStandalone target not found
Native extension for WebGL target not found
Refreshing native plugins compatible for Editor in 0.24 ms, found 0 plugins.
Preloading 0 native plugins for Editor in 0.00 ms.
Invoked RoslynAnalysisRunner static constructor.
RoslynAnalysisRunner will not be running.
RoslynAnalysisRunner has terminated.
Mono: successfully reloaded assembly
- Completed reload, in  1.340 seconds
Platform modules already initialized, skipping
Refreshing native plugins compatible for Editor in 0.42 ms, found 0 plugins.
Preloading 0 native plugins for Editor in 0.00 ms.
Unloading 1112 Unused Serialized files (Serialized files now loaded: 0)
System memory in use before: 57.1 MB.
System memory in use after: 57.2 MB.

Unloading 5 unused Assets to reduce memory usage. Loaded Objects now: 1574.
Total: 4.342300 ms (FindLiveObjects: 0.261400 ms CreateObjectMapping: 0.164600 ms MarkObjects: 3.825500 ms  DeleteObjects: 0.089000 ms)

========================================================================
Received Import Request.
  Time since last request: 53.760109 seconds.
  path: Assets/Scripts/Cooldown.cs
  artifactKey: Guid(732184cf0f486894a85d72cb089b33e0) Importer(815301076,1909f56bfc062723c751e8b465ee728b)
Start importing Assets/Scripts/Cooldown.cs using Guid(732184cf0f486894a85d72cb089b33e0) Importer(815301076,1909f56bfc062723c751e8b465ee728b)  -> (artifact id: '4e4dad0837fee32d71d709f59fc36815') in 0.006831 seconds
  Import took 0.009872 seconds .

========================================================================
Received Import Request.
  Time since last request: 88.524350 seconds.
  path: Assets/Scripts/Cooldown.cs
  artifactKey: Guid(732184cf0f486894a85d72cb089b33e0) Importer(815301076,1909f56bfc062723c751e8b465ee728b)
Start importing Assets/Scripts/Cooldown.cs using Guid(732184cf0f486894a85d72cb089b33e0) Importer(815301076,1909f56bfc062723c751e8b465ee728b)  -> (artifact id: '3d91454369ea7f028eb3619b199f363b') in 0.004182 seconds
  Import took 0.007347 seconds .

========================================================================
Received Prepare
Registering precompiled user dll's ...
Registered in 0.000992 seconds.
Begin MonoManager ReloadAssembly
Native extension for LinuxStandalone target not found
Native extension for WindowsStandalone target not found
Native extension for OSXStandalone target not found
Native extension for WebGL target not found
Refreshing native plugins compatible for Editor in 0.71 ms, found 0 plugins.
Preloading 0 native plugins for Editor in 0.00 ms.
Invoked RoslynAnalysisRunner static constructor.
RoslynAnalysisRunner will not be running.
RoslynAnalysisRunner has terminated.
Mono: successfully reloaded assembly
- Completed reload, in  1.057 seconds
Platform modules already initialized, skipping
Refreshing native plugins compatible for Editor in 0.21 ms, found 0 plugins.
Preloading 0 native plugins for Editor in 0.00 ms.
Unloading 1112 Unused Serialized files (Serialized files now loaded: 0)
System memory in use before: 57.1 MB.
System memory in use after: 57.2 MB.

Unloading 5 unused Assets to reduce memory usage. Loaded Objects now: 1577.
Total: 2.580100 ms (FindLiveObjects: 0.202400 ms CreateObjectMapping: 0.051900 ms MarkObjects: 2.259000 ms  DeleteObjects: 0.065000 ms)

========================================================================
Received Import Request.
  Time since last request: 491.403716 seconds.
  path: Assets/Scripts/Cooldown.cs
  artifactKey: Guid(732184cf0f486894a85d72cb089b33e0) Importer(815301076,1909f56bfc062723c751e8b465ee728b)
Start importing Assets/Scripts/Cooldown.cs using Guid(732184cf0f486894a85d72cb089b33e0) Importer(815301076,1909f56bfc062723c751e8b465ee728b)  -> (artifact id: '33276ec35156fbf12f8856cf34b00ea7') in 0.005526 seconds
  Import took 0.007519 seconds .

========================================================================
Received Prepare
Registering precompiled user dll's ...
Registered in 0.001042 seconds.
Begin MonoManager ReloadAssembly
Native extension for LinuxStandalone target not found
Native extension for WindowsStandalone target not found
Native extension for OSXStandalone target not found
Native extension for WebGL target not found
Refreshing native plugins compatible for Editor in 0.21 ms, found 0 plugins.
Preloading 0 native plugins for Editor in 0.00 ms.
Invoked RoslynAnalysisRunner static constructor.
RoslynAnalysisRunner will not be running.
RoslynAnalysisRunner has terminated.
Mono: successfully reloaded assembly
- Completed reload, in  0.995 seconds
Platform modules already initialized, skipping
Refreshing native plugins compatible for Editor in 0.21 ms, found 0 plugins.
Preloading 0 native plugins for Editor in 0.00 ms.
Unloading 1112 Unused Serialized files (Serialized files now loaded: 0)
System memory in use before: 57.2 MB.
System memory in use after: 57.2 MB.

Unloading 5 unused Assets to reduce memory usage. Loaded Objects now: 1580.
Total: 2.176300 ms (FindLiveObjects: 0.142200 ms CreateObjectMapping: 0.042000 ms MarkObjects: 1.932100 ms  DeleteObjects: 0.058800 ms)

========================================================================
Received Import Request.
  Time since last request: 218.752008 seconds.
  path: Assets/Scripts/Cooldown.cs
  artifactKey: Guid(732184cf0f486894a85d72cb089b33e0) Importer(815301076,1909f56bfc062723c751e8b465ee728b)
Start importing Assets/Scripts/Cooldown.cs using Guid(732184cf0f486894a85d72cb089b33e0) Importer(815301076,1909f56bfc062723c751e8b465ee728b)  -> (artifact id: '89e5934e0ef356515ee4e17fe86c58f6') in 0.005406 seconds
  Import took 0.009931 seconds .

========================================================================
Received Prepare
Registering precompiled user dll's ...
Registered in 0.001480 seconds.
Begin MonoManager ReloadAssembly
Native extension for LinuxStandalone target not found
Native extension for WindowsStandalone target not found
Native extension for OSXStandalone target not found
Native extension for WebGL target not found
Refreshing native plugins compatible for Editor in 0.22 ms, found 0 plugins.
Preloading 0 native plugins for Editor in 0.00 ms.
Invoked RoslynAnalysisRunner static constructor.
RoslynAnalysisRunner will not be running.
RoslynAnalysisRunner has terminated.
Mono: successfully reloaded assembly
- Completed reload, in  1.021 seconds
Platform modules already initialized, skipping
Refreshing native plugins compatible for Editor in 0.23 ms, found 0 plugins.
Preloading 0 native plugins for Editor in 0.00 ms.
Unloading 1112 Unused Serialized files (Serialized files now loaded: 0)
System memory in use before: 57.2 MB.
System memory in use after: 57.3 MB.

Unloading 5 unused Assets to reduce memory usage. Loaded Objects now: 1583.
Total: 2.049000 ms (FindLiveObjects: 0.135000 ms CreateObjectMapping: 0.038600 ms MarkObjects: 1.813000 ms  DeleteObjects: 0.061100 ms)

========================================================================
Received Import Request.
  Time since last request: 235.462851 seconds.
  path: Assets/Scripts/Cooldown.cs
  artifactKey: Guid(732184cf0f486894a85d72cb089b33e0) Importer(815301076,1909f56bfc062723c751e8b465ee728b)
Start importing Assets/Scripts/Cooldown.cs using Guid(732184cf0f486894a85d72cb089b33e0) Importer(815301076,1909f56bfc062723c751e8b465ee728b)  -> (artifact id: '9e671059616f5d37ea5bdc816d6a468f') in 0.005128 seconds
  Import took 0.009053 seconds .

========================================================================
Received Prepare
Registering precompiled user dll's ...
Registered in 0.001472 seconds.
Begin MonoManager ReloadAssembly
Native extension for LinuxStandalone target not found
Native extension for WindowsStandalone target not found
Native extension for OSXStandalone target not found
Native extension for WebGL target not found
Refreshing native plugins compatible for Editor in 0.21 ms, found 0 plugins.
Preloading 0 native plugins for Editor in 0.00 ms.
Invoked RoslynAnalysisRunner static constructor.
RoslynAnalysisRunner will not be running.
RoslynAnalysisRunner has terminated.
Mono: successfully reloaded assembly
- Completed reload, in  1.015 seconds
Platform modules already initialized, skipping
Refreshing native plugins compatible for Editor in 0.24 ms, found 0 plugins.
Preloading 0 native plugins for Editor in 0.00 ms.
Unloading 1112 Unused Serialized files (Serialized files now loaded: 0)
System memory in use before: 57.2 MB.
System memory in use after: 57.3 MB.

Unloading 5 unused Assets to reduce memory usage. Loaded Objects now: 1586.
Total: 3.320000 ms (FindLiveObjects: 0.222000 ms CreateObjectMapping: 0.062100 ms MarkObjects: 2.968600 ms  DeleteObjects: 0.065500 ms)

========================================================================
Received Import Request.
  Time since last request: 140.875840 seconds.
  path: Assets/Scripts/Cooldown.cs
  artifactKey: Guid(732184cf0f486894a85d72cb089b33e0) Importer(815301076,1909f56bfc062723c751e8b465ee728b)
Start importing Assets/Scripts/Cooldown.cs using Guid(732184cf0f486894a85d72cb089b33e0) Importer(815301076,1909f56bfc062723c751e8b465ee728b)  -> (artifact id: '06e47af55cd3fd23714eb041f08dfac4') in 0.005269 seconds
  Import took 0.007220 seconds .

========================================================================
Received Prepare
Registering precompiled user dll's ...
Registered in 0.001065 seconds.
Begin MonoManager ReloadAssembly
Native extension for LinuxStandalone target not found
Native extension for WindowsStandalone target not found
Native extension for OSXStandalone target not found
Native extension for WebGL target not found
Refreshing native plugins compatible for Editor in 0.21 ms, found 0 plugins.
Preloading 0 native plugins for Editor in 0.00 ms.
Invoked RoslynAnalysisRunner static constructor.
RoslynAnalysisRunner will not be running.
RoslynAnalysisRunner has terminated.
Mono: successfully reloaded assembly
- Completed reload, in  1.159 seconds
Platform modules already initialized, skipping
Refreshing native plugins compatible for Editor in 0.21 ms, found 0 plugins.
Preloading 0 native plugins for Editor in 0.00 ms.
Unloading 1112 Unused Serialized files (Serialized files now loaded: 0)
System memory in use before: 57.2 MB.
System memory in use after: 57.3 MB.

Unloading 5 unused Assets to reduce memory usage. Loaded Objects now: 1589.
Total: 2.435900 ms (FindLiveObjects: 0.276000 ms CreateObjectMapping: 0.052300 ms MarkObjects: 2.050700 ms  DeleteObjects: 0.055800 ms)

========================================================================
Received Import Request.
  Time since last request: 104.335403 seconds.
  path: Assets/Scripts/Cooldown.cs
  artifactKey: Guid(732184cf0f486894a85d72cb089b33e0) Importer(815301076,1909f56bfc062723c751e8b465ee728b)
Start importing Assets/Scripts/Cooldown.cs using Guid(732184cf0f486894a85d72cb089b33e0) Importer(815301076,1909f56bfc062723c751e8b465ee728b)  -> (artifact id: '9b06d4ba84beae89d3b56d276cdf0b98') in 0.005556 seconds
  Import took 0.009931 seconds .

AssetImportWorkerClient::OnTransportError - code=2 error=End of file
